Using pre-set license
Built from '2020.3/staging' branch; Version is '2020.3.6f1 (338bb68529b2) revision 3378102'; Using compiler version '192528614'; Build Type 'Release'
OS: 'Windows 10 Pro; OS build 19043.1110; Version 2009; 64bit' Language: 'en' Physical Memory: 16306 MB
BatchMode: 1, IsHumanControllingUs: 0, StartBugReporterOnCrash: 0, Is64bit: 1, IsPro: 0

 COMMAND LINE ARGUMENTS:
Z:\Program Files\Unity Editors\2020.3.6f1\Editor\Unity.exe
-adb2
-batchMode
-noUpm
-name
AssetImportWorker0
-projectPath
Z:/Unity Projects/TacticsRescue
-logFile
Logs/AssetImportWorker0.log
-srvPort
58947
Successfully changed project path to: Z:/Unity Projects/TacticsRescue
Z:/Unity Projects/TacticsRescue
Using Asset Import Pipeline V2.
Refreshing native plugins compatible for Editor in 60.84 ms, found 0 plugins.
Preloading 0 native plugins for Editor in 0.00 ms.
Initialize engine version: 2020.3.6f1 (338bb68529b2)
[Subsystems] Discovering subsystems at path Z:/Program Files/Unity Editors/2020.3.6f1/Editor/Data/Resources/UnitySubsystems
[Subsystems] Discovering subsystems at path Z:/Unity Projects/TacticsRescue/Assets
GfxDevice: creating device client; threaded=0
Direct3D:
    Version:  Direct3D 11.0 [level 11.1]
    Renderer: NVIDIA GeForce GTX 980 Ti (ID=0x17c8)
    Vendor:   
    VRAM:     6097 MB
    Driver:   27.21.14.6589
Initialize mono
Mono path[0] = 'Z:/Program Files/Unity Editors/2020.3.6f1/Editor/Data/Managed'
Mono path[1] = 'Z:/Program Files/Unity Editors/2020.3.6f1/Editor/Data/MonoBleedingEdge/lib/mono/unityjit'
Mono config path = 'Z:/Program Files/Unity Editors/2020.3.6f1/Editor/Data/MonoBleedingEdge/etc'
Using monoOptions --debugger-agent=transport=dt_socket,embedding=1,server=y,suspend=n,address=127.0.0.1:56848
Begin MonoManager ReloadAssembly
Registering precompiled unity dll's ...
Register platform support module: Z:/Program Files/Unity Editors/2020.3.6f1/Editor/Data/PlaybackEngines/WebGLSupport/UnityEditor.WebGL.Extensions.dll
Register platform support module: Z:/Program Files/Unity Editors/2020.3.6f1/Editor/Data/PlaybackEngines/WindowsStandaloneSupport/UnityEditor.WindowsStandalone.Extensions.dll
Registered in 0.001339 seconds.
Native extension for WindowsStandalone target not found
Native extension for WebGL target not found
Refreshing native plugins compatible for Editor in 37.79 ms, found 0 plugins.
Preloading 0 native plugins for Editor in 0.00 ms.
Mono: successfully reloaded assembly
- Completed reload, in  1.872 seconds
Platform modules already initialized, skipping
Registering precompiled user dll's ...
Registered in 0.000716 seconds.
Begin MonoManager ReloadAssembly
Native extension for WindowsStandalone target not found
Native extension for WebGL target not found
Refreshing native plugins compatible for Editor in 40.06 ms, found 0 plugins.
Preloading 0 native plugins for Editor in 0.00 ms.
Mono: successfully reloaded assembly
- Completed reload, in  0.980 seconds
Platform modules already initialized, skipping
========================================================================
Worker process is ready to serve import requests
Launched and connected shader compiler UnityShaderCompiler.exe after 0.06 seconds
Refreshing native plugins compatible for Editor in 0.32 ms, found 0 plugins.
Preloading 0 native plugins for Editor in 0.00 ms.
Unloading 1959 Unused Serialized files (Serialized files now loaded: 0)
System memory in use before: 92.7 MB.
System memory in use after: 92.7 MB.

Unloading 14 unused Assets to reduce memory usage. Loaded Objects now: 2403.
Total: 2.979100 ms (FindLiveObjects: 0.478300 ms CreateObjectMapping: 0.147200 ms MarkObjects: 2.203700 ms  DeleteObjects: 0.142200 ms)

========================================================================
Received Import Request.
  path: Assets/Input/Input.inputactions
  artifactKey: Guid(d467e42a6910da84d92d3c775cf2c266) Importer(815301076,1909f56bfc062723c751e8b465ee728b)
Start importing Assets/Input/Input.inputactions using Guid(d467e42a6910da84d92d3c775cf2c266) Importer(815301076,1909f56bfc062723c751e8b465ee728b)  -> (artifact id: '74ce8360ccd4cb048cd6375d0e6f92cb') in 0.115778 seconds
  Import took 0.121457 seconds .

========================================================================
Received Prepare
Registering precompiled user dll's ...
Registered in 0.000715 seconds.
Begin MonoManager ReloadAssembly
Native extension for WindowsStandalone target not found
Native extension for WebGL target not found
Refreshing native plugins compatible for Editor in 0.34 ms, found 0 plugins.
Preloading 0 native plugins for Editor in 0.00 ms.
Mono: successfully reloaded assembly
- Completed reload, in  1.265 seconds
Platform modules already initialized, skipping
Refreshing native plugins compatible for Editor in 0.41 ms, found 0 plugins.
Preloading 0 native plugins for Editor in 0.00 ms.
Unloading 1914 Unused Serialized files (Serialized files now loaded: 0)
System memory in use before: 89.0 MB.
System memory in use after: 89.0 MB.

Unloading 7 unused Assets to reduce memory usage. Loaded Objects now: 2406.
Total: 2.253300 ms (FindLiveObjects: 0.182100 ms CreateObjectMapping: 0.071400 ms MarkObjects: 1.922700 ms  DeleteObjects: 0.075900 ms)

========================================================================
Received Import Request.
  Time since last request: 38.534051 seconds.
  path: Assets/Input/Input.inputactions
  artifactKey: Guid(d467e42a6910da84d92d3c775cf2c266) Importer(815301076,1909f56bfc062723c751e8b465ee728b)
Start importing Assets/Input/Input.inputactions using Guid(d467e42a6910da84d92d3c775cf2c266) Importer(815301076,1909f56bfc062723c751e8b465ee728b)  -> (artifact id: 'f508c561fb29e247458cdee9d81e5af7') in 0.024005 seconds
  Import took 0.027017 seconds .

========================================================================
Received Import Request.
  Time since last request: 0.051727 seconds.
  path: Assets/Input/Input.inputactions
  artifactKey: Guid(d467e42a6910da84d92d3c775cf2c266) Importer(815301076,1909f56bfc062723c751e8b465ee728b)
Start importing Assets/Input/Input.inputactions using Guid(d467e42a6910da84d92d3c775cf2c266) Importer(815301076,1909f56bfc062723c751e8b465ee728b)  -> (artifact id: 'f508c561fb29e247458cdee9d81e5af7') in 0.013692 seconds
  Import took 0.018405 seconds .

========================================================================
Received Prepare
Registering precompiled user dll's ...
Registered in 0.000698 seconds.
Begin MonoManager ReloadAssembly
Native extension for WindowsStandalone target not found
Native extension for WebGL target not found
Refreshing native plugins compatible for Editor in 0.33 ms, found 0 plugins.
Preloading 0 native plugins for Editor in 0.00 ms.
Mono: successfully reloaded assembly
- Completed reload, in  0.938 seconds
Platform modules already initialized, skipping
Refreshing native plugins compatible for Editor in 0.30 ms, found 0 plugins.
Preloading 0 native plugins for Editor in 0.00 ms.
Unloading 1914 Unused Serialized files (Serialized files now loaded: 0)
System memory in use before: 89.0 MB.
System memory in use after: 89.1 MB.

Unloading 7 unused Assets to reduce memory usage. Loaded Objects now: 2409.
Total: 2.055600 ms (FindLiveObjects: 0.230000 ms CreateObjectMapping: 0.076200 ms MarkObjects: 1.669100 ms  DeleteObjects: 0.078600 ms)

========================================================================
Received Prepare
Registering precompiled user dll's ...
Registered in 0.000719 seconds.
Begin MonoManager ReloadAssembly
Native extension for WindowsStandalone target not found
Native extension for WebGL target not found
Refreshing native plugins compatible for Editor in 0.32 ms, found 0 plugins.
Preloading 0 native plugins for Editor in 0.00 ms.
Mono: successfully reloaded assembly
- Completed reload, in  0.826 seconds
Platform modules already initialized, skipping
Refreshing native plugins compatible for Editor in 0.31 ms, found 0 plugins.
Preloading 0 native plugins for Editor in 0.00 ms.
Unloading 1914 Unused Serialized files (Serialized files now loaded: 0)
System memory in use before: 89.1 MB.
System memory in use after: 89.1 MB.

Unloading 7 unused Assets to reduce memory usage. Loaded Objects now: 2412.
Total: 3.589600 ms (FindLiveObjects: 0.548800 ms CreateObjectMapping: 0.152700 ms MarkObjects: 2.799600 ms  DeleteObjects: 0.087000 ms)

========================================================================
Received Import Request.
  Time since last request: 22.984128 seconds.
  path: Assets/Input
  artifactKey: Guid(2a488f437392a424bb1cfd8ef9e461c4) Importer(815301076,1909f56bfc062723c751e8b465ee728b)
Start importing Assets/Input using Guid(2a488f437392a424bb1cfd8ef9e461c4) Importer(815301076,1909f56bfc062723c751e8b465ee728b)  -> (artifact id: '14d00fa2424691b4f4e7af0fcbbef346') in 0.007879 seconds
  Import took 0.010810 seconds .

========================================================================
Received Import Request.
  Time since last request: 0.000590 seconds.
  path: Assets/Input
  artifactKey: Guid(2a488f437392a424bb1cfd8ef9e461c4) Importer(815301076,1909f56bfc062723c751e8b465ee728b)
Start importing Assets/Input using Guid(2a488f437392a424bb1cfd8ef9e461c4) Importer(815301076,1909f56bfc062723c751e8b465ee728b)  -> (artifact id: '14d00fa2424691b4f4e7af0fcbbef346') in 0.003846 seconds
  Import took 0.006932 seconds .

========================================================================
Received Import Request.
  Time since last request: 28.245154 seconds.
  path: Assets/Input/Defailt.inputactions
  artifactKey: Guid(e4f387ac72f644e4db5315aef81ad991) Importer(815301076,1909f56bfc062723c751e8b465ee728b)
Start importing Assets/Input/Defailt.inputactions using Guid(e4f387ac72f644e4db5315aef81ad991) Importer(815301076,1909f56bfc062723c751e8b465ee728b)  -> (artifact id: '7787c17f533dfa460129228599321430') in 0.016685 seconds
  Import took 0.019648 seconds .

========================================================================
Received Import Request.
  Time since last request: 0.001363 seconds.
  path: Assets/Input/Defailt.inputactions
  artifactKey: Guid(e4f387ac72f644e4db5315aef81ad991) Importer(815301076,1909f56bfc062723c751e8b465ee728b)
Start importing Assets/Input/Defailt.inputactions using Guid(e4f387ac72f644e4db5315aef81ad991) Importer(815301076,1909f56bfc062723c751e8b465ee728b)  -> (artifact id: '7787c17f533dfa460129228599321430') in 0.005372 seconds
  Import took 0.012274 seconds .

========================================================================
Received Import Request.
  Time since last request: 14.328753 seconds.
  path: Assets/Input/Input.cs
  artifactKey: Guid(3afaaf5272804644880d7e9c359ac34b) Importer(815301076,1909f56bfc062723c751e8b465ee728b)
Start importing Assets/Input/Input.cs using Guid(3afaaf5272804644880d7e9c359ac34b) Importer(815301076,1909f56bfc062723c751e8b465ee728b)  -> (artifact id: 'b6947dc78b2aa69d9d2f53c799e423e3') in 0.068520 seconds
  Import took 0.071059 seconds .

========================================================================
Received Prepare
Registering precompiled user dll's ...
Registered in 0.000724 seconds.
Begin MonoManager ReloadAssembly
Native extension for WindowsStandalone target not found
Native extension for WebGL target not found
Refreshing native plugins compatible for Editor in 0.38 ms, found 0 plugins.
Preloading 0 native plugins for Editor in 0.00 ms.
Mono: successfully reloaded assembly
- Completed reload, in  0.845 seconds
Platform modules already initialized, skipping
Refreshing native plugins compatible for Editor in 0.40 ms, found 0 plugins.
Preloading 0 native plugins for Editor in 0.00 ms.
Unloading 1914 Unused Serialized files (Serialized files now loaded: 0)
System memory in use before: 89.1 MB.
System memory in use after: 89.1 MB.

Unloading 7 unused Assets to reduce memory usage. Loaded Objects now: 2415.
Total: 2.062800 ms (FindLiveObjects: 0.263200 ms CreateObjectMapping: 0.083600 ms MarkObjects: 1.639300 ms  DeleteObjects: 0.075100 ms)

========================================================================
Received Prepare
Registering precompiled user dll's ...
Registered in 0.000784 seconds.
Begin MonoManager ReloadAssembly
Native extension for WindowsStandalone target not found
Native extension for WebGL target not found
Refreshing native plugins compatible for Editor in 0.32 ms, found 0 plugins.
Preloading 0 native plugins for Editor in 0.00 ms.
Mono: successfully reloaded assembly
- Completed reload, in  1.245 seconds
Platform modules already initialized, skipping
Refreshing native plugins compatible for Editor in 0.31 ms, found 0 plugins.
Preloading 0 native plugins for Editor in 0.00 ms.
Unloading 1914 Unused Serialized files (Serialized files now loaded: 0)
System memory in use before: 89.1 MB.
System memory in use after: 89.1 MB.

Unloading 7 unused Assets to reduce memory usage. Loaded Objects now: 2418.
Total: 3.935500 ms (FindLiveObjects: 0.266700 ms CreateObjectMapping: 0.352800 ms MarkObjects: 3.232800 ms  DeleteObjects: 0.081700 ms)

========================================================================
Received Prepare
Registering precompiled user dll's ...
Registered in 0.000883 seconds.
Begin MonoManager ReloadAssembly
Native extension for WindowsStandalone target not found
Native extension for WebGL target not found
Refreshing native plugins compatible for Editor in 0.31 ms, found 0 plugins.
Preloading 0 native plugins for Editor in 0.00 ms.
Mono: successfully reloaded assembly
- Completed reload, in  0.864 seconds
Platform modules already initialized, skipping
Refreshing native plugins compatible for Editor in 0.36 ms, found 0 plugins.
Preloading 0 native plugins for Editor in 0.00 ms.
Unloading 1914 Unused Serialized files (Serialized files now loaded: 0)
System memory in use before: 89.1 MB.
System memory in use after: 89.1 MB.

Unloading 7 unused Assets to reduce memory usage. Loaded Objects now: 2421.
Total: 6.594700 ms (FindLiveObjects: 0.236800 ms CreateObjectMapping: 0.094500 ms MarkObjects: 6.179700 ms  DeleteObjects: 0.082400 ms)

========================================================================
Received Prepare
Registering precompiled user dll's ...
Registered in 0.000722 seconds.
Begin MonoManager ReloadAssembly
Native extension for WindowsStandalone target not found
Native extension for WebGL target not found
Refreshing native plugins compatible for Editor in 0.32 ms, found 0 plugins.
Preloading 0 native plugins for Editor in 0.00 ms.
Mono: successfully reloaded assembly
- Completed reload, in  1.215 seconds
Platform modules already initialized, skipping
Refreshing native plugins compatible for Editor in 0.31 ms, found 0 plugins.
Preloading 0 native plugins for Editor in 0.00 ms.
Unloading 1914 Unused Serialized files (Serialized files now loaded: 0)
System memory in use before: 89.1 MB.
System memory in use after: 89.2 MB.

Unloading 7 unused Assets to reduce memory usage. Loaded Objects now: 2424.
Total: 2.632900 ms (FindLiveObjects: 0.254300 ms CreateObjectMapping: 0.129800 ms MarkObjects: 2.170700 ms  DeleteObjects: 0.076600 ms)

========================================================================
Received Prepare
Registering precompiled user dll's ...
Registered in 0.001118 seconds.
Begin MonoManager ReloadAssembly
Native extension for WindowsStandalone target not found
Native extension for WebGL target not found
Refreshing native plugins compatible for Editor in 0.31 ms, found 0 plugins.
Preloading 0 native plugins for Editor in 0.00 ms.
Mono: successfully reloaded assembly
- Completed reload, in  1.099 seconds
Platform modules already initialized, skipping
Refreshing native plugins compatible for Editor in 0.35 ms, found 0 plugins.
Preloading 0 native plugins for Editor in 0.00 ms.
Unloading 1914 Unused Serialized files (Serialized files now loaded: 0)
System memory in use before: 89.1 MB.
System memory in use after: 89.2 MB.

Unloading 7 unused Assets to reduce memory usage. Loaded Objects now: 2427.
Total: 2.465600 ms (FindLiveObjects: 0.179500 ms CreateObjectMapping: 0.067700 ms MarkObjects: 2.140300 ms  DeleteObjects: 0.076800 ms)

========================================================================
Received Prepare
Registering precompiled user dll's ...
Registered in 0.000902 seconds.
Begin MonoManager ReloadAssembly
Native extension for WindowsStandalone target not found
Native extension for WebGL target not found
Refreshing native plugins compatible for Editor in 0.31 ms, found 0 plugins.
Preloading 0 native plugins for Editor in 0.00 ms.
Mono: successfully reloaded assembly
- Completed reload, in  0.819 seconds
Platform modules already initialized, skipping
Refreshing native plugins compatible for Editor in 0.40 ms, found 0 plugins.
Preloading 0 native plugins for Editor in 0.00 ms.
Unloading 1914 Unused Serialized files (Serialized files now loaded: 0)
System memory in use before: 89.1 MB.
System memory in use after: 89.2 MB.

Unloading 7 unused Assets to reduce memory usage. Loaded Objects now: 2430.
Total: 7.021200 ms (FindLiveObjects: 0.310800 ms CreateObjectMapping: 0.130300 ms MarkObjects: 6.496100 ms  DeleteObjects: 0.082200 ms)

========================================================================
Received Prepare
Registering precompiled user dll's ...
Registered in 0.000730 seconds.
Begin MonoManager ReloadAssembly
Native extension for WindowsStandalone target not found
Native extension for WebGL target not found
Refreshing native plugins compatible for Editor in 0.94 ms, found 0 plugins.
Preloading 0 native plugins for Editor in 0.00 ms.
Mono: successfully reloaded assembly
- Completed reload, in  1.421 seconds
Platform modules already initialized, skipping
Refreshing native plugins compatible for Editor in 0.33 ms, found 0 plugins.
Preloading 0 native plugins for Editor in 0.00 ms.
Unloading 1914 Unused Serialized files (Serialized files now loaded: 0)
System memory in use before: 89.1 MB.
System memory in use after: 89.2 MB.

Unloading 7 unused Assets to reduce memory usage. Loaded Objects now: 2433.
Total: 4.440000 ms (FindLiveObjects: 0.317200 ms CreateObjectMapping: 0.320300 ms MarkObjects: 3.524600 ms  DeleteObjects: 0.276400 ms)

========================================================================
Received Prepare
Registering precompiled user dll's ...
Registered in 0.000720 seconds.
Begin MonoManager ReloadAssembly
Native extension for WindowsStandalone target not found
Native extension for WebGL target not found
Refreshing native plugins compatible for Editor in 0.33 ms, found 0 plugins.
Preloading 0 native plugins for Editor in 0.00 ms.
Mono: successfully reloaded assembly
- Completed reload, in  0.834 seconds
Platform modules already initialized, skipping
Refreshing native plugins compatible for Editor in 1.03 ms, found 0 plugins.
Preloading 0 native plugins for Editor in 0.00 ms.
Unloading 1914 Unused Serialized files (Serialized files now loaded: 0)
System memory in use before: 89.2 MB.
System memory in use after: 89.2 MB.

Unloading 7 unused Assets to reduce memory usage. Loaded Objects now: 2436.
Total: 1.846400 ms (FindLiveObjects: 0.158400 ms CreateObjectMapping: 0.056600 ms MarkObjects: 1.490700 ms  DeleteObjects: 0.139600 ms)

AssetImportWorkerClient::OnTransportError - code=2 error=End of file
